<!DOCTYPE html>

<html>
  <head>
  <title>TestNG reports</title>

    <link type="text/css" href="testng-reports.css" rel="stylesheet" />  
    <script type="text/javascript" src="jquery-1.7.1.min.js"></script>
    <script type="text/javascript" src="testng-reports.js"></script>
    <script type="text/javascript" src="https://www.google.com/jsapi"></script>
    <script type='text/javascript'>
      google.load('visualization', '1', {packages:['table']});
      google.setOnLoadCallback(drawTable);
      var suiteTableInitFunctions = new Array();
      var suiteTableData = new Array();
    </script>
    <!--
      <script type="text/javascript" src="jquery-ui/js/jquery-ui-1.8.16.custom.min.js"></script>
     -->
  </head>

  <body>
    <div class="top-banner-root">
      <span class="top-banner-title-font">Test results</span>
      <br/>
      <span class="top-banner-font-1">1 suite, 3 failed tests</span>
    </div> <!-- top-banner-root -->
    <div class="navigator-root">
      <div class="navigator-suite-header">
        <span>All suites</span>
        <a href="#" class="collapse-all-link" title="Collapse/expand all the suites">
          <img class="collapse-all-icon" src="collapseall.gif">
          </img> <!-- collapse-all-icon -->
        </a> <!-- collapse-all-link -->
      </div> <!-- navigator-suite-header -->
      <div class="suite">
        <div class="rounded-window">
          <div class="suite-header light-rounded-window-top">
            <a href="#" class="navigator-link" panel-name="suite-Default_suite">
              <span class="suite-name border-failed">Default suite</span>
            </a> <!-- navigator-link -->
          </div> <!-- suite-header light-rounded-window-top -->
          <div class="navigator-suite-content">
            <div class="suite-section-title">
              <span>Info</span>
            </div> <!-- suite-section-title -->
            <div class="suite-section-content">
              <ul>
                <li>
                  <a href="#" class="navigator-link " panel-name="test-xml-Default_suite">
                    <span>C:\Users\Matus\AppData\Local\Temp\testng-eclipse--816363510\testng-customsuite.xml</span>
                  </a> <!-- navigator-link  -->
                </li>
                <li>
                  <a href="#" class="navigator-link " panel-name="testlist-Default_suite">
                    <span class="test-stats">1 test</span>
                  </a> <!-- navigator-link  -->
                </li>
                <li>
                  <a href="#" class="navigator-link " panel-name="group-Default_suite">
                    <span>0 groups</span>
                  </a> <!-- navigator-link  -->
                </li>
                <li>
                  <a href="#" class="navigator-link " panel-name="times-Default_suite">
                    <span>Times</span>
                  </a> <!-- navigator-link  -->
                </li>
                <li>
                  <a href="#" class="navigator-link " panel-name="reporter-Default_suite">
                    <span>Reporter output</span>
                  </a> <!-- navigator-link  -->
                </li>
                <li>
                  <a href="#" class="navigator-link " panel-name="ignored-methods-Default_suite">
                    <span>Ignored methods</span>
                  </a> <!-- navigator-link  -->
                </li>
                <li>
                  <a href="#" class="navigator-link " panel-name="chronological-Default_suite">
                    <span>Chronological view</span>
                  </a> <!-- navigator-link  -->
                </li>
              </ul>
            </div> <!-- suite-section-content -->
            <div class="result-section">
              <div class="suite-section-title">
                <span>Results</span>
              </div> <!-- suite-section-title -->
              <div class="suite-section-content">
                <ul>
                  <li>
                    <span class="method-stats">16 methods, 3 failed,   13 passed</span>
                  </li>
                  <li>
                    <span class="method-list-title failed">Failed methods</span>
                    <span class="show-or-hide-methods failed">
                      <a href="#" panel-name="suite-Default_suite" class="hide-methods failed suite-Default_suite"> (hide)</a> <!-- hide-methods failed suite-Default_suite -->
                      <a href="#" panel-name="suite-Default_suite" class="show-methods failed suite-Default_suite"> (show)</a> <!-- show-methods failed suite-Default_suite -->
                    </span>
                    <div class="method-list-content failed suite-Default_suite">
                      <span>
                        <img width="3%" src="failed.png"/>
                        <a href="#" class="method navigator-link" panel-name="suite-Default_suite" title="com.evolveum.polygon.test.scim.Testclass" hash-for-method="listAllfromResourcesTest(1, groups)">listAllfromResourcesTest(1, groups)</a> <!-- method navigator-link -->
                      </span>
                      <br/>
                      <span>
                        <img width="3%" src="failed.png"/>
                        <a href="#" class="method navigator-link" panel-name="suite-Default_suite" title="com.evolveum.polygon.test.scim.Testclass" hash-for-method="listAllfromResourcesTest(1, users)">listAllfromResourcesTest(1, users)</a> <!-- method navigator-link -->
                      </span>
                      <br/>
                      <span>
                        <img width="3%" src="failed.png"/>
                        <a href="#" class="method navigator-link" panel-name="suite-Default_suite" title="com.evolveum.polygon.test.scim.Testclass" hash-for-method="parameterConsistencyTest(users, uid)">parameterConsistencyTest(users, uid)</a> <!-- method navigator-link -->
                      </span>
                      <br/>
                    </div> <!-- method-list-content failed suite-Default_suite -->
                  </li>
                  <li>
                    <span class="method-list-title passed">Passed methods</span>
                    <span class="show-or-hide-methods passed">
                      <a href="#" panel-name="suite-Default_suite" class="hide-methods passed suite-Default_suite"> (hide)</a> <!-- hide-methods passed suite-Default_suite -->
                      <a href="#" panel-name="suite-Default_suite" class="show-methods passed suite-Default_suite"> (show)</a> <!-- show-methods passed suite-Default_suite -->
                    </span>
                    <div class="method-list-content passed suite-Default_suite">
                      <span>
                        <img width="3%" src="passed.png"/>
                        <a href="#" class="method navigator-link" panel-name="suite-Default_suite" title="com.evolveum.polygon.test.scim.Testclass" hash-for-method="configurationTest({endpoint=/scim, password=**, clientID=**, baseurl=https://api.slack.com, loginUrl=, service=**, cli...)">configurationTest({endpoint=/scim, password=**, clientID=**, baseurl=https://api.slack.com, loginUrl=, service=**, cli...)</a> <!-- method navigator-link -->
                      </span>
                      <br/>
                      <span>
                        <img width="3%" src="passed.png"/>
                        <a href="#" class="method navigator-link" panel-name="suite-Default_suite" title="com.evolveum.polygon.test.scim.Testclass" hash-for-method="createObjectOnResourcesTest(groups, true)">createObjectOnResourcesTest(groups, true)</a> <!-- method navigator-link -->
                      </span>
                      <br/>
                      <span>
                        <img width="3%" src="passed.png"/>
                        <a href="#" class="method navigator-link" panel-name="suite-Default_suite" title="com.evolveum.polygon.test.scim.Testclass" hash-for-method="createObjectOnResourcesTest(users, true)">createObjectOnResourcesTest(users, true)</a> <!-- method navigator-link -->
                      </span>
                      <br/>
                      <span>
                        <img width="3%" src="passed.png"/>
                        <a href="#" class="method navigator-link" panel-name="suite-Default_suite" title="com.evolveum.polygon.test.scim.Testclass" hash-for-method="deleteObjectfromResourcesTest(users, Attribute: {Name=__UID__, Value=[U21DW4E01]})">deleteObjectfromResourcesTest(users, Attribute: {Name=__UID__, Value=[U21DW4E01]})</a> <!-- method navigator-link -->
                      </span>
                      <br/>
                      <span>
                        <img width="3%" src="passed.png"/>
                        <a href="#" class="method navigator-link" panel-name="suite-Default_suite" title="com.evolveum.polygon.test.scim.Testclass" hash-for-method="deleteObjectfromResourcesTest(groups, Attribute: {Name=__UID__, Value=[S21DW4K09]})">deleteObjectfromResourcesTest(groups, Attribute: {Name=__UID__, Value=[S21DW4K09]})</a> <!-- method navigator-link -->
                      </span>
                      <br/>
                      <span>
                        <img width="3%" src="passed.png"/>
                        <a href="#" class="method navigator-link" panel-name="suite-Default_suite" title="com.evolveum.polygon.test.scim.Testclass" hash-for-method="filterMethodTest(users, uid)">filterMethodTest(users, uid)</a> <!-- method navigator-link -->
                      </span>
                      <br/>
                      <span>
                        <img width="3%" src="passed.png"/>
                        <a href="#" class="method navigator-link" panel-name="suite-Default_suite" title="com.evolveum.polygon.test.scim.Testclass" hash-for-method="parameterConsistencyTest(groups, uid)">parameterConsistencyTest(groups, uid)</a> <!-- method navigator-link -->
                      </span>
                      <br/>
                      <span>
                        <img width="3%" src="passed.png"/>
                        <a href="#" class="method navigator-link" panel-name="suite-Default_suite" title="com.evolveum.polygon.test.scim.Testclass" hash-for-method="updateGroupResourceObjectTest(multi, Attribute: {Name=__UID__, Value=[S21DW4K09]})">updateGroupResourceObjectTest(multi, Attribute: {Name=__UID__, Value=[S21DW4K09]})</a> <!-- method navigator-link -->
                      </span>
                      <br/>
                      <span>
                        <img width="3%" src="passed.png"/>
                        <a href="#" class="method navigator-link" panel-name="suite-Default_suite" title="com.evolveum.polygon.test.scim.Testclass" hash-for-method="updateGroupResourceObjectTest(single, Attribute: {Name=__UID__, Value=[S21DW4K09]})">updateGroupResourceObjectTest(single, Attribute: {Name=__UID__, Value=[S21DW4K09]})</a> <!-- method navigator-link -->
                      </span>
                      <br/>
                      <span>
                        <img width="3%" src="passed.png"/>
                        <a href="#" class="method navigator-link" panel-name="suite-Default_suite" title="com.evolveum.polygon.test.scim.Testclass" hash-for-method="updateUserResourceObjectTest(single, Attribute: {Name=__UID__, Value=[U21DW4E01]})">updateUserResourceObjectTest(single, Attribute: {Name=__UID__, Value=[U21DW4E01]})</a> <!-- method navigator-link -->
                      </span>
                      <br/>
                      <span>
                        <img width="3%" src="passed.png"/>
                        <a href="#" class="method navigator-link" panel-name="suite-Default_suite" title="com.evolveum.polygon.test.scim.Testclass" hash-for-method="updateUserResourceObjectTest(disabled, Attribute: {Name=__UID__, Value=[U21DW4E01]})">updateUserResourceObjectTest(disabled, Attribute: {Name=__UID__, Value=[U21DW4E01]})</a> <!-- method navigator-link -->
                      </span>
                      <br/>
                      <span>
                        <img width="3%" src="passed.png"/>
                        <a href="#" class="method navigator-link" panel-name="suite-Default_suite" title="com.evolveum.polygon.test.scim.Testclass" hash-for-method="updateUserResourceObjectTest(multi, Attribute: {Name=__UID__, Value=[U21DW4E01]})">updateUserResourceObjectTest(multi, Attribute: {Name=__UID__, Value=[U21DW4E01]})</a> <!-- method navigator-link -->
                      </span>
                      <br/>
                      <span>
                        <img width="3%" src="passed.png"/>
                        <a href="#" class="method navigator-link" panel-name="suite-Default_suite" title="com.evolveum.polygon.test.scim.Testclass" hash-for-method="updateUserResourceObjectTest(enabled, Attribute: {Name=__UID__, Value=[U21DW4E01]})">updateUserResourceObjectTest(enabled, Attribute: {Name=__UID__, Value=[U21DW4E01]})</a> <!-- method navigator-link -->
                      </span>
                      <br/>
                    </div> <!-- method-list-content passed suite-Default_suite -->
                  </li>
                </ul>
              </div> <!-- suite-section-content -->
            </div> <!-- result-section -->
          </div> <!-- navigator-suite-content -->
        </div> <!-- rounded-window -->
      </div> <!-- suite -->
    </div> <!-- navigator-root -->
    <div class="wrapper">
      <div class="main-panel-root">
        <div panel-name="suite-Default_suite" class="panel Default_suite">
          <div class="suite-Default_suite-class-failed">
            <div class="main-panel-header rounded-window-top">
              <img src="failed.png"/>
              <span class="class-name">com.evolveum.polygon.test.scim.Testclass</span>
            </div> <!-- main-panel-header rounded-window-top -->
            <div class="main-panel-content rounded-window-bottom">
              <div class="method">
                <div class="method-content">
                  <a name="listAllfromResourcesTest(1, groups)">
                  </a> <!-- listAllfromResourcesTest(1, groups) -->
                  <span class="method-name">listAllfromResourcesTest</span>
                  <span class="parameters">(1, groups)</span>
                  <div class="stack-trace"><b>"java.lang.AssertionError: expected [1] but found [6]
	at org.testng.Assert.fail(Assert.java:94)
	at org.testng.Assert.failNotEquals(Assert.java:494)
	at org.testng.Assert.assertEquals(Assert.java:123)
	at org.testng.Assert.assertEquals(Assert.java:370)
	at org.testng.Assert.assertEquals(Assert.java:380)
	at com.evolveum.polygon.test.scim.Testclass.listAllfromResourcesTest(Testclass.java:225)
	at sun.reflect.NativeMethodAccessorImpl.invoke0(Native Method)
	at sun.reflect.NativeMethodAccessorImpl.invoke(NativeMethodAccessorImpl.java:62)
	at sun.reflect.DelegatingMethodAccessorImpl.invoke(DelegatingMethodAccessorImpl.java:43)
	at java.lang.reflect.Method.invoke(Method.java:498)
	at org.testng.internal.MethodInvocationHelper.invokeMethod(MethodInvocationHelper.java:80)
	at org.testng.internal.Invoker.invokeMethod(Invoker.java:714)
	at org.testng.internal.Invoker.invokeTestMethod(Invoker.java:901)
	at org.testng.internal.Invoker.invokeTestMethods(Invoker.java:1231)
	at org.testng.internal.TestMethodWorker.invokeTestMethods(TestMethodWorker.java:127)
	at org.testng.internal.TestMethodWorker.run(TestMethodWorker.java:111)
	at org.testng.TestRunner.privateRun(TestRunner.java:767)
	at org.testng.TestRunner.run(TestRunner.java:617)
	at org.testng.SuiteRunner.runTest(SuiteRunner.java:334)
	at org.testng.SuiteRunner.runSequentially(SuiteRunner.java:329)
	at org.testng.SuiteRunner.privateRun(SuiteRunner.java:291)
	at org.testng.SuiteRunner.run(SuiteRunner.java:240)
	at org.testng.SuiteRunnerWorker.runSuite(SuiteRunnerWorker.java:52)
	at org.testng.SuiteRunnerWorker.run(SuiteRunnerWorker.java:86)
	at org.testng.TestNG.runSuitesSequentially(TestNG.java:1198)
	at org.testng.TestNG.runSuitesLocally(TestNG.java:1123)
	at org.testng.TestNG.run(TestNG.java:1031)
	at org.testng.remote.AbstractRemoteTestNG.run(AbstractRemoteTestNG.java:126)
	at org.testng.remote.RemoteTestNG.initAndRun(RemoteTestNG.java:137)
	at org.testng.remote.RemoteTestNG.main(RemoteTestNG.java:58)
<br/> java.lang.AssertionError: expected [1] but found [6]
	at org.testng.Assert.fail(Assert.java:94)
	at org.testng.Assert.failNotEquals(Assert.java:494)
	at org.testng.Assert.assertEquals(Assert.java:123)
	at org.testng.Assert.assertEquals(Assert.java:370)
	at org.testng.Assert.assertEquals(Assert.java:380)
	at com.evolveum.polygon.test.scim.Testclass.listAllfromResourcesTest(Testclass.java:225)
	at sun.reflect.NativeMethodAccessorImpl.invoke0(Native Method)
	at sun.reflect.NativeMethodAccessorImpl.invoke(NativeMethodAccessorImpl.java:62)
	at sun.reflect.DelegatingMethodAccessorImpl.invoke(DelegatingMethodAccessorImpl.java:43)
	at java.lang.reflect.Method.invoke(Method.java:498)
	at org.testng.internal.MethodInvocationHelper.invokeMethod(MethodInvocationHelper.java:80)
	at org.testng.internal.Invoker.invokeMethod(Invoker.java:714)
	at org.testng.internal.Invoker.invokeTestMethod(Invoker.java:901)
	at org.testng.internal.Invoker.invokeTestMethods(Invoker.java:1231)
	at org.testng.internal.TestMethodWorker.invokeTestMethods(TestMethodWorker.java:127)
	at org.testng.internal.TestMethodWorker.run(TestMethodWorker.java:111)
	at org.testng.TestRunner.privateRun(TestRunner.java:767)
	at org.testng.TestRunner.run(TestRunner.java:617)
	at org.testng.SuiteRunner.runTest(SuiteRunner.java:334)
	at org.testng.SuiteRunner.runSequentially(SuiteRunner.java:329)
	at org.testng.SuiteRunner.privateRun(SuiteRunner.java:291)
	at org.testng.SuiteRunner.run(SuiteRunner.java:240)
	at org.testng.SuiteRunnerWorker.runSuite(SuiteRunnerWorker.java:52)
	at org.testng.SuiteRunnerWorker.run(SuiteRunnerWorker.java:86)
	at org.testng.TestNG.runSuitesSequentially(TestNG.java:1198)
	at org.testng.TestNG.runSuitesLocally(TestNG.java:1123)
	at org.testng.TestNG.run(TestNG.java:1031)
	at org.testng.remote.AbstractRemoteTestNG.run(AbstractRemoteTestNG.java:126)
	at org.testng.remote.RemoteTestNG.initAndRun(RemoteTestNG.java:137)
	at org.testng.remote.RemoteTestNG.main(RemoteTestNG.java:58)
"</b><br>org.testng.Assert.fail(Assert.java:94)<br>org.testng.Assert.failNotEquals(Assert.java:494)<br>org.testng.Assert.assertEquals(Assert.java:123)<br>org.testng.Assert.assertEquals(Assert.java:370)<br>org.testng.Assert.assertEquals(Assert.java:380)<br>com.evolveum.polygon.test.scim.Testclass.listAllfromResourcesTest(Testclass.java:225)<br>sun.reflect.NativeMethodAccessorImpl.invoke0(Native Method)<br>sun.reflect.NativeMethodAccessorImpl.invoke(NativeMethodAccessorImpl.java:62)<br>sun.reflect.DelegatingMethodAccessorImpl.invoke(DelegatingMethodAccessorImpl.java:43)<br>java.lang.reflect.Method.invoke(Method.java:498)<br>org.testng.internal.MethodInvocationHelper.invokeMethod(MethodInvocationHelper.java:80)<br>org.testng.internal.Invoker.invokeMethod(Invoker.java:714)<br>org.testng.internal.Invoker.invokeTestMethod(Invoker.java:901)<br>org.testng.internal.Invoker.invokeTestMethods(Invoker.java:1231)<br>org.testng.internal.TestMethodWorker.invokeTestMethods(TestMethodWorker.java:127)<br>org.testng.internal.TestMethodWorker.run(TestMethodWorker.java:111)<br>org.testng.TestRunner.privateRun(TestRunner.java:767)<br>org.testng.TestRunner.run(TestRunner.java:617)<br>org.testng.SuiteRunner.runTest(SuiteRunner.java:334)<br>org.testng.SuiteRunner.runSequentially(SuiteRunner.java:329)<br>org.testng.SuiteRunner.privateRun(SuiteRunner.java:291)<br>org.testng.SuiteRunner.run(SuiteRunner.java:240)<br>org.testng.SuiteRunnerWorker.runSuite(SuiteRunnerWorker.java:52)<br>org.testng.SuiteRunnerWorker.run(SuiteRunnerWorker.java:86)<br>org.testng.TestNG.runSuitesSequentially(TestNG.java:1198)<br>org.testng.TestNG.runSuitesLocally(TestNG.java:1123)<br>org.testng.TestNG.run(TestNG.java:1031)<br>org.testng.remote.AbstractRemoteTestNG.run(AbstractRemoteTestNG.java:126)<br>org.testng.remote.RemoteTestNG.initAndRun(RemoteTestNG.java:137)<br>org.testng.remote.RemoteTestNG.main(RemoteTestNG.java:58)<br>
</div> <!-- stack-trace -->
                </div> <!-- method-content -->
              </div> <!-- method -->
              <div class="method">
                <div class="method-content">
                  <a name="listAllfromResourcesTest(1, users)">
                  </a> <!-- listAllfromResourcesTest(1, users) -->
                  <span class="method-name">listAllfromResourcesTest</span>
                  <span class="parameters">(1, users)</span>
                  <div class="stack-trace"><b>"java.lang.AssertionError: expected [1] but found [4]
	at org.testng.Assert.fail(Assert.java:94)
	at org.testng.Assert.failNotEquals(Assert.java:494)
	at org.testng.Assert.assertEquals(Assert.java:123)
	at org.testng.Assert.assertEquals(Assert.java:370)
	at org.testng.Assert.assertEquals(Assert.java:380)
	at com.evolveum.polygon.test.scim.Testclass.listAllfromResourcesTest(Testclass.java:225)
	at sun.reflect.NativeMethodAccessorImpl.invoke0(Native Method)
	at sun.reflect.NativeMethodAccessorImpl.invoke(NativeMethodAccessorImpl.java:62)
	at sun.reflect.DelegatingMethodAccessorImpl.invoke(DelegatingMethodAccessorImpl.java:43)
	at java.lang.reflect.Method.invoke(Method.java:498)
	at org.testng.internal.MethodInvocationHelper.invokeMethod(MethodInvocationHelper.java:80)
	at org.testng.internal.Invoker.invokeMethod(Invoker.java:714)
	at org.testng.internal.Invoker.invokeTestMethod(Invoker.java:901)
	at org.testng.internal.Invoker.invokeTestMethods(Invoker.java:1231)
	at org.testng.internal.TestMethodWorker.invokeTestMethods(TestMethodWorker.java:127)
	at org.testng.internal.TestMethodWorker.run(TestMethodWorker.java:111)
	at org.testng.TestRunner.privateRun(TestRunner.java:767)
	at org.testng.TestRunner.run(TestRunner.java:617)
	at org.testng.SuiteRunner.runTest(SuiteRunner.java:334)
	at org.testng.SuiteRunner.runSequentially(SuiteRunner.java:329)
	at org.testng.SuiteRunner.privateRun(SuiteRunner.java:291)
	at org.testng.SuiteRunner.run(SuiteRunner.java:240)
	at org.testng.SuiteRunnerWorker.runSuite(SuiteRunnerWorker.java:52)
	at org.testng.SuiteRunnerWorker.run(SuiteRunnerWorker.java:86)
	at org.testng.TestNG.runSuitesSequentially(TestNG.java:1198)
	at org.testng.TestNG.runSuitesLocally(TestNG.java:1123)
	at org.testng.TestNG.run(TestNG.java:1031)
	at org.testng.remote.AbstractRemoteTestNG.run(AbstractRemoteTestNG.java:126)
	at org.testng.remote.RemoteTestNG.initAndRun(RemoteTestNG.java:137)
	at org.testng.remote.RemoteTestNG.main(RemoteTestNG.java:58)
<br/> java.lang.AssertionError: expected [1] but found [4]
	at org.testng.Assert.fail(Assert.java:94)
	at org.testng.Assert.failNotEquals(Assert.java:494)
	at org.testng.Assert.assertEquals(Assert.java:123)
	at org.testng.Assert.assertEquals(Assert.java:370)
	at org.testng.Assert.assertEquals(Assert.java:380)
	at com.evolveum.polygon.test.scim.Testclass.listAllfromResourcesTest(Testclass.java:225)
	at sun.reflect.NativeMethodAccessorImpl.invoke0(Native Method)
	at sun.reflect.NativeMethodAccessorImpl.invoke(NativeMethodAccessorImpl.java:62)
	at sun.reflect.DelegatingMethodAccessorImpl.invoke(DelegatingMethodAccessorImpl.java:43)
	at java.lang.reflect.Method.invoke(Method.java:498)
	at org.testng.internal.MethodInvocationHelper.invokeMethod(MethodInvocationHelper.java:80)
	at org.testng.internal.Invoker.invokeMethod(Invoker.java:714)
	at org.testng.internal.Invoker.invokeTestMethod(Invoker.java:901)
	at org.testng.internal.Invoker.invokeTestMethods(Invoker.java:1231)
	at org.testng.internal.TestMethodWorker.invokeTestMethods(TestMethodWorker.java:127)
	at org.testng.internal.TestMethodWorker.run(TestMethodWorker.java:111)
	at org.testng.TestRunner.privateRun(TestRunner.java:767)
	at org.testng.TestRunner.run(TestRunner.java:617)
	at org.testng.SuiteRunner.runTest(SuiteRunner.java:334)
	at org.testng.SuiteRunner.runSequentially(SuiteRunner.java:329)
	at org.testng.SuiteRunner.privateRun(SuiteRunner.java:291)
	at org.testng.SuiteRunner.run(SuiteRunner.java:240)
	at org.testng.SuiteRunnerWorker.runSuite(SuiteRunnerWorker.java:52)
	at org.testng.SuiteRunnerWorker.run(SuiteRunnerWorker.java:86)
	at org.testng.TestNG.runSuitesSequentially(TestNG.java:1198)
	at org.testng.TestNG.runSuitesLocally(TestNG.java:1123)
	at org.testng.TestNG.run(TestNG.java:1031)
	at org.testng.remote.AbstractRemoteTestNG.run(AbstractRemoteTestNG.java:126)
	at org.testng.remote.RemoteTestNG.initAndRun(RemoteTestNG.java:137)
	at org.testng.remote.RemoteTestNG.main(RemoteTestNG.java:58)
"</b><br>org.testng.Assert.fail(Assert.java:94)<br>org.testng.Assert.failNotEquals(Assert.java:494)<br>org.testng.Assert.assertEquals(Assert.java:123)<br>org.testng.Assert.assertEquals(Assert.java:370)<br>org.testng.Assert.assertEquals(Assert.java:380)<br>com.evolveum.polygon.test.scim.Testclass.listAllfromResourcesTest(Testclass.java:225)<br>sun.reflect.NativeMethodAccessorImpl.invoke0(Native Method)<br>sun.reflect.NativeMethodAccessorImpl.invoke(NativeMethodAccessorImpl.java:62)<br>sun.reflect.DelegatingMethodAccessorImpl.invoke(DelegatingMethodAccessorImpl.java:43)<br>java.lang.reflect.Method.invoke(Method.java:498)<br>org.testng.internal.MethodInvocationHelper.invokeMethod(MethodInvocationHelper.java:80)<br>org.testng.internal.Invoker.invokeMethod(Invoker.java:714)<br>org.testng.internal.Invoker.invokeTestMethod(Invoker.java:901)<br>org.testng.internal.Invoker.invokeTestMethods(Invoker.java:1231)<br>org.testng.internal.TestMethodWorker.invokeTestMethods(TestMethodWorker.java:127)<br>org.testng.internal.TestMethodWorker.run(TestMethodWorker.java:111)<br>org.testng.TestRunner.privateRun(TestRunner.java:767)<br>org.testng.TestRunner.run(TestRunner.java:617)<br>org.testng.SuiteRunner.runTest(SuiteRunner.java:334)<br>org.testng.SuiteRunner.runSequentially(SuiteRunner.java:329)<br>org.testng.SuiteRunner.privateRun(SuiteRunner.java:291)<br>org.testng.SuiteRunner.run(SuiteRunner.java:240)<br>org.testng.SuiteRunnerWorker.runSuite(SuiteRunnerWorker.java:52)<br>org.testng.SuiteRunnerWorker.run(SuiteRunnerWorker.java:86)<br>org.testng.TestNG.runSuitesSequentially(TestNG.java:1198)<br>org.testng.TestNG.runSuitesLocally(TestNG.java:1123)<br>org.testng.TestNG.run(TestNG.java:1031)<br>org.testng.remote.AbstractRemoteTestNG.run(AbstractRemoteTestNG.java:126)<br>org.testng.remote.RemoteTestNG.initAndRun(RemoteTestNG.java:137)<br>org.testng.remote.RemoteTestNG.main(RemoteTestNG.java:58)<br>
</div> <!-- stack-trace -->
                </div> <!-- method-content -->
              </div> <!-- method -->
              <div class="method">
                <div class="method-content">
                  <a name="parameterConsistencyTest(users, uid)">
                  </a> <!-- parameterConsistencyTest(users, uid) -->
                  <span class="method-name">parameterConsistencyTest</span>
                  <span class="parameters">(users, uid)</span>
                  <div class="stack-trace"><b>"java.lang.AssertionError: expected [emails.work.value] but found [#AttributeNameNotFound#]
	at org.testng.Assert.fail(Assert.java:94)
	at org.testng.Assert.failNotEquals(Assert.java:494)
	at org.testng.Assert.assertEquals(Assert.java:123)
	at org.testng.Assert.assertEquals(Assert.java:176)
	at org.testng.Assert.assertEquals(Assert.java:186)
	at com.evolveum.polygon.test.scim.Testclass.parameterConsistencyTest(Testclass.java:192)
	at sun.reflect.NativeMethodAccessorImpl.invoke0(Native Method)
	at sun.reflect.NativeMethodAccessorImpl.invoke(NativeMethodAccessorImpl.java:62)
	at sun.reflect.DelegatingMethodAccessorImpl.invoke(DelegatingMethodAccessorImpl.java:43)
	at java.lang.reflect.Method.invoke(Method.java:498)
	at org.testng.internal.MethodInvocationHelper.invokeMethod(MethodInvocationHelper.java:80)
	at org.testng.internal.Invoker.invokeMethod(Invoker.java:714)
	at org.testng.internal.Invoker.invokeTestMethod(Invoker.java:901)
	at org.testng.internal.Invoker.invokeTestMethods(Invoker.java:1231)
	at org.testng.internal.TestMethodWorker.invokeTestMethods(TestMethodWorker.java:127)
	at org.testng.internal.TestMethodWorker.run(TestMethodWorker.java:111)
	at org.testng.TestRunner.privateRun(TestRunner.java:767)
	at org.testng.TestRunner.run(TestRunner.java:617)
	at org.testng.SuiteRunner.runTest(SuiteRunner.java:334)
	at org.testng.SuiteRunner.runSequentially(SuiteRunner.java:329)
	at org.testng.SuiteRunner.privateRun(SuiteRunner.java:291)
	at org.testng.SuiteRunner.run(SuiteRunner.java:240)
	at org.testng.SuiteRunnerWorker.runSuite(SuiteRunnerWorker.java:52)
	at org.testng.SuiteRunnerWorker.run(SuiteRunnerWorker.java:86)
	at org.testng.TestNG.runSuitesSequentially(TestNG.java:1198)
	at org.testng.TestNG.runSuitesLocally(TestNG.java:1123)
	at org.testng.TestNG.run(TestNG.java:1031)
	at org.testng.remote.AbstractRemoteTestNG.run(AbstractRemoteTestNG.java:126)
	at org.testng.remote.RemoteTestNG.initAndRun(RemoteTestNG.java:137)
	at org.testng.remote.RemoteTestNG.main(RemoteTestNG.java:58)
<br/> java.lang.AssertionError: expected [emails.work.value] but found [#AttributeNameNotFound#]
	at org.testng.Assert.fail(Assert.java:94)
	at org.testng.Assert.failNotEquals(Assert.java:494)
	at org.testng.Assert.assertEquals(Assert.java:123)
	at org.testng.Assert.assertEquals(Assert.java:176)
	at org.testng.Assert.assertEquals(Assert.java:186)
	at com.evolveum.polygon.test.scim.Testclass.parameterConsistencyTest(Testclass.java:192)
	at sun.reflect.NativeMethodAccessorImpl.invoke0(Native Method)
	at sun.reflect.NativeMethodAccessorImpl.invoke(NativeMethodAccessorImpl.java:62)
	at sun.reflect.DelegatingMethodAccessorImpl.invoke(DelegatingMethodAccessorImpl.java:43)
	at java.lang.reflect.Method.invoke(Method.java:498)
	at org.testng.internal.MethodInvocationHelper.invokeMethod(MethodInvocationHelper.java:80)
	at org.testng.internal.Invoker.invokeMethod(Invoker.java:714)
	at org.testng.internal.Invoker.invokeTestMethod(Invoker.java:901)
	at org.testng.internal.Invoker.invokeTestMethods(Invoker.java:1231)
	at org.testng.internal.TestMethodWorker.invokeTestMethods(TestMethodWorker.java:127)
	at org.testng.internal.TestMethodWorker.run(TestMethodWorker.java:111)
	at org.testng.TestRunner.privateRun(TestRunner.java:767)
	at org.testng.TestRunner.run(TestRunner.java:617)
	at org.testng.SuiteRunner.runTest(SuiteRunner.java:334)
	at org.testng.SuiteRunner.runSequentially(SuiteRunner.java:329)
	at org.testng.SuiteRunner.privateRun(SuiteRunner.java:291)
	at org.testng.SuiteRunner.run(SuiteRunner.java:240)
	at org.testng.SuiteRunnerWorker.runSuite(SuiteRunnerWorker.java:52)
	at org.testng.SuiteRunnerWorker.run(SuiteRunnerWorker.java:86)
	at org.testng.TestNG.runSuitesSequentially(TestNG.java:1198)
	at org.testng.TestNG.runSuitesLocally(TestNG.java:1123)
	at org.testng.TestNG.run(TestNG.java:1031)
	at org.testng.remote.AbstractRemoteTestNG.run(AbstractRemoteTestNG.java:126)
	at org.testng.remote.RemoteTestNG.initAndRun(RemoteTestNG.java:137)
	at org.testng.remote.RemoteTestNG.main(RemoteTestNG.java:58)
"</b><br>org.testng.Assert.fail(Assert.java:94)<br>org.testng.Assert.failNotEquals(Assert.java:494)<br>org.testng.Assert.assertEquals(Assert.java:123)<br>org.testng.Assert.assertEquals(Assert.java:176)<br>org.testng.Assert.assertEquals(Assert.java:186)<br>com.evolveum.polygon.test.scim.Testclass.parameterConsistencyTest(Testclass.java:192)<br>sun.reflect.NativeMethodAccessorImpl.invoke0(Native Method)<br>sun.reflect.NativeMethodAccessorImpl.invoke(NativeMethodAccessorImpl.java:62)<br>sun.reflect.DelegatingMethodAccessorImpl.invoke(DelegatingMethodAccessorImpl.java:43)<br>java.lang.reflect.Method.invoke(Method.java:498)<br>org.testng.internal.MethodInvocationHelper.invokeMethod(MethodInvocationHelper.java:80)<br>org.testng.internal.Invoker.invokeMethod(Invoker.java:714)<br>org.testng.internal.Invoker.invokeTestMethod(Invoker.java:901)<br>org.testng.internal.Invoker.invokeTestMethods(Invoker.java:1231)<br>org.testng.internal.TestMethodWorker.invokeTestMethods(TestMethodWorker.java:127)<br>org.testng.internal.TestMethodWorker.run(TestMethodWorker.java:111)<br>org.testng.TestRunner.privateRun(TestRunner.java:767)<br>org.testng.TestRunner.run(TestRunner.java:617)<br>org.testng.SuiteRunner.runTest(SuiteRunner.java:334)<br>org.testng.SuiteRunner.runSequentially(SuiteRunner.java:329)<br>org.testng.SuiteRunner.privateRun(SuiteRunner.java:291)<br>org.testng.SuiteRunner.run(SuiteRunner.java:240)<br>org.testng.SuiteRunnerWorker.runSuite(SuiteRunnerWorker.java:52)<br>org.testng.SuiteRunnerWorker.run(SuiteRunnerWorker.java:86)<br>org.testng.TestNG.runSuitesSequentially(TestNG.java:1198)<br>org.testng.TestNG.runSuitesLocally(TestNG.java:1123)<br>org.testng.TestNG.run(TestNG.java:1031)<br>org.testng.remote.AbstractRemoteTestNG.run(AbstractRemoteTestNG.java:126)<br>org.testng.remote.RemoteTestNG.initAndRun(RemoteTestNG.java:137)<br>org.testng.remote.RemoteTestNG.main(RemoteTestNG.java:58)<br>
</div> <!-- stack-trace -->
                </div> <!-- method-content -->
              </div> <!-- method -->
            </div> <!-- main-panel-content rounded-window-bottom -->
          </div> <!-- suite-Default_suite-class-failed -->
          <div class="suite-Default_suite-class-passed">
            <div class="main-panel-header rounded-window-top">
              <img src="passed.png"/>
              <span class="class-name">com.evolveum.polygon.test.scim.Testclass</span>
            </div> <!-- main-panel-header rounded-window-top -->
            <div class="main-panel-content rounded-window-bottom">
              <div class="method">
                <div class="method-content">
                  <a name="configurationTest({endpoint=/scim, password=**, clientID=**, baseurl=https://api.slack.com, loginUrl=, service=**, cli...)">
                  </a> <!-- configurationTest({endpoint=/scim, password=**, clientID=**, baseurl=https://api.slack.com, loginUrl=, service=**, cli...) -->
                  <span class="method-name">configurationTest</span>
                  <span class="parameters">({endpoint=/scim, password=**, clientID=**, baseurl=https://api.slack.com, loginUrl=, service=**, clientSecret=**, userName=**, version=/v1, authentication=token, token=xoxp-55640697315-55701064386-65366675831-34c4c14ce0}, true)</span>
                </div> <!-- method-content -->
              </div> <!-- method -->
              <div class="method">
                <div class="method-content">
                  <a name="createObjectOnResourcesTest(groups, true)">
                  </a> <!-- createObjectOnResourcesTest(groups, true) -->
                  <span class="method-name">createObjectOnResourcesTest</span>
                  <span class="parameters">(groups, true)</span>
                </div> <!-- method-content -->
              </div> <!-- method -->
              <div class="method">
                <div class="method-content">
                  <a name="createObjectOnResourcesTest(users, true)">
                  </a> <!-- createObjectOnResourcesTest(users, true) -->
                  <span class="method-name">createObjectOnResourcesTest</span>
                  <span class="parameters">(users, true)</span>
                </div> <!-- method-content -->
              </div> <!-- method -->
              <div class="method">
                <div class="method-content">
                  <a name="deleteObjectfromResourcesTest(users, Attribute: {Name=__UID__, Value=[U21DW4E01]})">
                  </a> <!-- deleteObjectfromResourcesTest(users, Attribute: {Name=__UID__, Value=[U21DW4E01]}) -->
                  <span class="method-name">deleteObjectfromResourcesTest</span>
                  <span class="parameters">(users, Attribute: {Name=__UID__, Value=[U21DW4E01]})</span>
                </div> <!-- method-content -->
              </div> <!-- method -->
              <div class="method">
                <div class="method-content">
                  <a name="deleteObjectfromResourcesTest(groups, Attribute: {Name=__UID__, Value=[S21DW4K09]})">
                  </a> <!-- deleteObjectfromResourcesTest(groups, Attribute: {Name=__UID__, Value=[S21DW4K09]}) -->
                  <span class="method-name">deleteObjectfromResourcesTest</span>
                  <span class="parameters">(groups, Attribute: {Name=__UID__, Value=[S21DW4K09]})</span>
                </div> <!-- method-content -->
              </div> <!-- method -->
              <div class="method">
                <div class="method-content">
                  <a name="filterMethodTest(users, uid)">
                  </a> <!-- filterMethodTest(users, uid) -->
                  <span class="method-name">filterMethodTest</span>
                  <span class="parameters">(users, uid)</span>
                </div> <!-- method-content -->
              </div> <!-- method -->
              <div class="method">
                <div class="method-content">
                  <a name="parameterConsistencyTest(groups, uid)">
                  </a> <!-- parameterConsistencyTest(groups, uid) -->
                  <span class="method-name">parameterConsistencyTest</span>
                  <span class="parameters">(groups, uid)</span>
                </div> <!-- method-content -->
              </div> <!-- method -->
              <div class="method">
                <div class="method-content">
                  <a name="updateGroupResourceObjectTest(multi, Attribute: {Name=__UID__, Value=[S21DW4K09]})">
                  </a> <!-- updateGroupResourceObjectTest(multi, Attribute: {Name=__UID__, Value=[S21DW4K09]}) -->
                  <span class="method-name">updateGroupResourceObjectTest</span>
                  <span class="parameters">(multi, Attribute: {Name=__UID__, Value=[S21DW4K09]})</span>
                </div> <!-- method-content -->
              </div> <!-- method -->
              <div class="method">
                <div class="method-content">
                  <a name="updateGroupResourceObjectTest(single, Attribute: {Name=__UID__, Value=[S21DW4K09]})">
                  </a> <!-- updateGroupResourceObjectTest(single, Attribute: {Name=__UID__, Value=[S21DW4K09]}) -->
                  <span class="method-name">updateGroupResourceObjectTest</span>
                  <span class="parameters">(single, Attribute: {Name=__UID__, Value=[S21DW4K09]})</span>
                </div> <!-- method-content -->
              </div> <!-- method -->
              <div class="method">
                <div class="method-content">
                  <a name="updateUserResourceObjectTest(single, Attribute: {Name=__UID__, Value=[U21DW4E01]})">
                  </a> <!-- updateUserResourceObjectTest(single, Attribute: {Name=__UID__, Value=[U21DW4E01]}) -->
                  <span class="method-name">updateUserResourceObjectTest</span>
                  <span class="parameters">(single, Attribute: {Name=__UID__, Value=[U21DW4E01]})</span>
                </div> <!-- method-content -->
              </div> <!-- method -->
              <div class="method">
                <div class="method-content">
                  <a name="updateUserResourceObjectTest(disabled, Attribute: {Name=__UID__, Value=[U21DW4E01]})">
                  </a> <!-- updateUserResourceObjectTest(disabled, Attribute: {Name=__UID__, Value=[U21DW4E01]}) -->
                  <span class="method-name">updateUserResourceObjectTest</span>
                  <span class="parameters">(disabled, Attribute: {Name=__UID__, Value=[U21DW4E01]})</span>
                </div> <!-- method-content -->
              </div> <!-- method -->
              <div class="method">
                <div class="method-content">
                  <a name="updateUserResourceObjectTest(multi, Attribute: {Name=__UID__, Value=[U21DW4E01]})">
                  </a> <!-- updateUserResourceObjectTest(multi, Attribute: {Name=__UID__, Value=[U21DW4E01]}) -->
                  <span class="method-name">updateUserResourceObjectTest</span>
                  <span class="parameters">(multi, Attribute: {Name=__UID__, Value=[U21DW4E01]})</span>
                </div> <!-- method-content -->
              </div> <!-- method -->
              <div class="method">
                <div class="method-content">
                  <a name="updateUserResourceObjectTest(enabled, Attribute: {Name=__UID__, Value=[U21DW4E01]})">
                  </a> <!-- updateUserResourceObjectTest(enabled, Attribute: {Name=__UID__, Value=[U21DW4E01]}) -->
                  <span class="method-name">updateUserResourceObjectTest</span>
                  <span class="parameters">(enabled, Attribute: {Name=__UID__, Value=[U21DW4E01]})</span>
                </div> <!-- method-content -->
              </div> <!-- method -->
            </div> <!-- main-panel-content rounded-window-bottom -->
          </div> <!-- suite-Default_suite-class-passed -->
        </div> <!-- panel Default_suite -->
        <div panel-name="test-xml-Default_suite" class="panel">
          <div class="main-panel-header rounded-window-top">
            <span class="header-content">C:\Users\Matus\AppData\Local\Temp\testng-eclipse--816363510\testng-customsuite.xml</span>
          </div> <!-- main-panel-header rounded-window-top -->
          <div class="main-panel-content rounded-window-bottom">
            <pre>
&lt;?xml version=&quot;1.0&quot; encoding=&quot;UTF-8&quot;?&gt;
&lt;!DOCTYPE suite SYSTEM &quot;http://testng.org/testng-1.0.dtd&quot;&gt;
&lt;suite name=&quot;Default suite&quot;&gt;
  &lt;test verbose=&quot;2&quot; name=&quot;Default test&quot;&gt;
    &lt;classes&gt;
      &lt;class name=&quot;com.evolveum.polygon.test.scim.Testclass&quot;/&gt;
    &lt;/classes&gt;
  &lt;/test&gt; &lt;!-- Default test --&gt;
&lt;/suite&gt; &lt;!-- Default suite --&gt;
            </pre>
          </div> <!-- main-panel-content rounded-window-bottom -->
        </div> <!-- panel -->
        <div panel-name="testlist-Default_suite" class="panel">
          <div class="main-panel-header rounded-window-top">
            <span class="header-content">Tests for Default suite</span>
          </div> <!-- main-panel-header rounded-window-top -->
          <div class="main-panel-content rounded-window-bottom">
            <ul>
              <li>
                <span class="test-name">Default test (1 class)</span>
              </li>
            </ul>
          </div> <!-- main-panel-content rounded-window-bottom -->
        </div> <!-- panel -->
        <div panel-name="group-Default_suite" class="panel">
          <div class="main-panel-header rounded-window-top">
            <span class="header-content">Groups for Default suite</span>
          </div> <!-- main-panel-header rounded-window-top -->
          <div class="main-panel-content rounded-window-bottom">
          </div> <!-- main-panel-content rounded-window-bottom -->
        </div> <!-- panel -->
        <div panel-name="times-Default_suite" class="panel">
          <div class="main-panel-header rounded-window-top">
            <span class="header-content">Times for Default suite</span>
          </div> <!-- main-panel-header rounded-window-top -->
          <div class="main-panel-content rounded-window-bottom">
            <div class="times-div">
              <script type="text/javascript">
suiteTableInitFunctions.push('tableData_Default_suite');
function tableData_Default_suite() {
var data = new google.visualization.DataTable();
data.addColumn('number', 'Number');
data.addColumn('string', 'Method');
data.addColumn('string', 'Class');
data.addColumn('number', 'Time (ms)');
data.addRows(16);
data.setCell(0, 0, 0)
data.setCell(0, 1, 'configurationTest')
data.setCell(0, 2, 'com.evolveum.polygon.test.scim.Testclass')
data.setCell(0, 3, 1807);
data.setCell(1, 0, 1)
data.setCell(1, 1, 'deleteObjectfromResourcesTest')
data.setCell(1, 2, 'com.evolveum.polygon.test.scim.Testclass')
data.setCell(1, 3, 1545);
data.setCell(2, 0, 2)
data.setCell(2, 1, 'deleteObjectfromResourcesTest')
data.setCell(2, 2, 'com.evolveum.polygon.test.scim.Testclass')
data.setCell(2, 3, 1115);
data.setCell(3, 0, 3)
data.setCell(3, 1, 'listAllfromResourcesTest')
data.setCell(3, 2, 'com.evolveum.polygon.test.scim.Testclass')
data.setCell(3, 3, 1082);
data.setCell(4, 0, 4)
data.setCell(4, 1, 'listAllfromResourcesTest')
data.setCell(4, 2, 'com.evolveum.polygon.test.scim.Testclass')
data.setCell(4, 3, 994);
data.setCell(5, 0, 5)
data.setCell(5, 1, 'createObjectOnResourcesTest')
data.setCell(5, 2, 'com.evolveum.polygon.test.scim.Testclass')
data.setCell(5, 3, 863);
data.setCell(6, 0, 6)
data.setCell(6, 1, 'updateUserResourceObjectTest')
data.setCell(6, 2, 'com.evolveum.polygon.test.scim.Testclass')
data.setCell(6, 3, 783);
data.setCell(7, 0, 7)
data.setCell(7, 1, 'createObjectOnResourcesTest')
data.setCell(7, 2, 'com.evolveum.polygon.test.scim.Testclass')
data.setCell(7, 3, 782);
data.setCell(8, 0, 8)
data.setCell(8, 1, 'updateGroupResourceObjectTest')
data.setCell(8, 2, 'com.evolveum.polygon.test.scim.Testclass')
data.setCell(8, 3, 662);
data.setCell(9, 0, 9)
data.setCell(9, 1, 'parameterConsistencyTest')
data.setCell(9, 2, 'com.evolveum.polygon.test.scim.Testclass')
data.setCell(9, 3, 647);
data.setCell(10, 0, 10)
data.setCell(10, 1, 'updateGroupResourceObjectTest')
data.setCell(10, 2, 'com.evolveum.polygon.test.scim.Testclass')
data.setCell(10, 3, 624);
data.setCell(11, 0, 11)
data.setCell(11, 1, 'updateUserResourceObjectTest')
data.setCell(11, 2, 'com.evolveum.polygon.test.scim.Testclass')
data.setCell(11, 3, 595);
data.setCell(12, 0, 12)
data.setCell(12, 1, 'updateUserResourceObjectTest')
data.setCell(12, 2, 'com.evolveum.polygon.test.scim.Testclass')
data.setCell(12, 3, 573);
data.setCell(13, 0, 13)
data.setCell(13, 1, 'parameterConsistencyTest')
data.setCell(13, 2, 'com.evolveum.polygon.test.scim.Testclass')
data.setCell(13, 3, 565);
data.setCell(14, 0, 14)
data.setCell(14, 1, 'updateUserResourceObjectTest')
data.setCell(14, 2, 'com.evolveum.polygon.test.scim.Testclass')
data.setCell(14, 3, 531);
data.setCell(15, 0, 15)
data.setCell(15, 1, 'filterMethodTest')
data.setCell(15, 2, 'com.evolveum.polygon.test.scim.Testclass')
data.setCell(15, 3, 529);
window.suiteTableData['Default_suite']= { tableData: data, tableDiv: 'times-div-Default_suite'}
return data;
}
              </script>
              <span class="suite-total-time">Total running time: 13 seconds</span>
              <div id="times-div-Default_suite">
              </div> <!-- times-div-Default_suite -->
            </div> <!-- times-div -->
          </div> <!-- main-panel-content rounded-window-bottom -->
        </div> <!-- panel -->
        <div panel-name="reporter-Default_suite" class="panel">
          <div class="main-panel-header rounded-window-top">
            <span class="header-content">Reporter output for Default suite</span>
          </div> <!-- main-panel-header rounded-window-top -->
          <div class="main-panel-content rounded-window-bottom">
          </div> <!-- main-panel-content rounded-window-bottom -->
        </div> <!-- panel -->
        <div panel-name="ignored-methods-Default_suite" class="panel">
          <div class="main-panel-header rounded-window-top">
            <span class="header-content">0 ignored methods</span>
          </div> <!-- main-panel-header rounded-window-top -->
          <div class="main-panel-content rounded-window-bottom">
          </div> <!-- main-panel-content rounded-window-bottom -->
        </div> <!-- panel -->
        <div panel-name="chronological-Default_suite" class="panel">
          <div class="main-panel-header rounded-window-top">
            <span class="header-content">Methods in chronological order</span>
          </div> <!-- main-panel-header rounded-window-top -->
          <div class="main-panel-content rounded-window-bottom">
            <div class="chronological-class">
              <div class="chronological-class-name">com.evolveum.polygon.test.scim.Testclass</div> <!-- chronological-class-name -->
              <div class="test-method">
                <span class="method-name">configurationTest({endpoint=/scim, password=**, clientID=**, baseurl=https://api.slack.com, loginUrl=, service=**, cli...)</span>
                <span class="method-start">0 ms</span>
              </div> <!-- test-method -->
              <div class="configuration-method after">
                <span class="method-name">cleanup([TestResult name=configurationTest status=SUCCESS method=Testclass.configurationTest(java.util.HashM...)</span>
                <span class="method-start">1815 ms</span>
              </div> <!-- configuration-method after -->
              <div class="test-method">
                <span class="method-name">createObjectOnResourcesTest(users, true)</span>
                <span class="method-start">1822 ms</span>
              </div> <!-- test-method -->
              <div class="configuration-method after">
                <span class="method-name">cleanup([TestResult name=createObjectOnResourcesTest status=SUCCESS method=Testclass.createObjectOnResources...)</span>
                <span class="method-start">2607 ms</span>
              </div> <!-- configuration-method after -->
              <div class="test-method">
                <span class="method-name">createObjectOnResourcesTest(groups, true)</span>
                <span class="method-start">2607 ms</span>
              </div> <!-- test-method -->
              <div class="configuration-method after">
                <span class="method-name">cleanup([TestResult name=createObjectOnResourcesTest status=SUCCESS method=Testclass.createObjectOnResources...)</span>
                <span class="method-start">3474 ms</span>
              </div> <!-- configuration-method after -->
              <div class="test-method">
                <span class="method-name">parameterConsistencyTest(groups, uid)</span>
                <span class="method-start">3477 ms</span>
              </div> <!-- test-method -->
              <div class="configuration-method after">
                <span class="method-name">cleanup([TestResult name=parameterConsistencyTest status=SUCCESS method=Testclass.parameterConsistencyTest(j...)</span>
                <span class="method-start">4126 ms</span>
              </div> <!-- configuration-method after -->
              <div class="test-method">
                <img src="failed.png">
                </img>
                <span class="method-name">parameterConsistencyTest(users, uid)</span>
                <span class="method-start">4127 ms</span>
              </div> <!-- test-method -->
              <div class="configuration-method after">
                <span class="method-name">cleanup([TestResult name=parameterConsistencyTest status=FAILURE method=Testclass.parameterConsistencyTest(j...)</span>
                <span class="method-start">4696 ms</span>
              </div> <!-- configuration-method after -->
              <div class="test-method">
                <span class="method-name">updateUserResourceObjectTest(single, Attribute: {Name=__UID__, Value=[U21DW4E01]})</span>
                <span class="method-start">5839 ms</span>
              </div> <!-- test-method -->
              <div class="configuration-method after">
                <span class="method-name">cleanup([TestResult name=updateUserResourceObjectTest status=SUCCESS method=Testclass.updateUserResourceObje...)</span>
                <span class="method-start">6436 ms</span>
              </div> <!-- configuration-method after -->
              <div class="test-method">
                <span class="method-name">updateUserResourceObjectTest(multi, Attribute: {Name=__UID__, Value=[U21DW4E01]})</span>
                <span class="method-start">6437 ms</span>
              </div> <!-- test-method -->
              <div class="configuration-method after">
                <span class="method-name">cleanup([TestResult name=updateUserResourceObjectTest status=SUCCESS method=Testclass.updateUserResourceObje...)</span>
                <span class="method-start">7015 ms</span>
              </div> <!-- configuration-method after -->
              <div class="test-method">
                <span class="method-name">updateUserResourceObjectTest(disabled, Attribute: {Name=__UID__, Value=[U21DW4E01]})</span>
                <span class="method-start">7015 ms</span>
              </div> <!-- test-method -->
              <div class="configuration-method after">
                <span class="method-name">cleanup([TestResult name=updateUserResourceObjectTest status=SUCCESS method=Testclass.updateUserResourceObje...)</span>
                <span class="method-start">7547 ms</span>
              </div> <!-- configuration-method after -->
              <div class="test-method">
                <span class="method-name">updateUserResourceObjectTest(enabled, Attribute: {Name=__UID__, Value=[U21DW4E01]})</span>
                <span class="method-start">7547 ms</span>
              </div> <!-- test-method -->
              <div class="configuration-method after">
                <span class="method-name">cleanup([TestResult name=updateUserResourceObjectTest status=SUCCESS method=Testclass.updateUserResourceObje...)</span>
                <span class="method-start">8334 ms</span>
              </div> <!-- configuration-method after -->
              <div class="test-method">
                <span class="method-name">updateGroupResourceObjectTest(single, Attribute: {Name=__UID__, Value=[S21DW4K09]})</span>
                <span class="method-start">8335 ms</span>
              </div> <!-- test-method -->
              <div class="configuration-method after">
                <span class="method-name">cleanup([TestResult name=updateGroupResourceObjectTest status=SUCCESS method=Testclass.updateGroupResourceOb...)</span>
                <span class="method-start">8961 ms</span>
              </div> <!-- configuration-method after -->
              <div class="test-method">
                <span class="method-name">updateGroupResourceObjectTest(multi, Attribute: {Name=__UID__, Value=[S21DW4K09]})</span>
                <span class="method-start">8961 ms</span>
              </div> <!-- test-method -->
              <div class="configuration-method after">
                <span class="method-name">cleanup([TestResult name=updateGroupResourceObjectTest status=SUCCESS method=Testclass.updateGroupResourceOb...)</span>
                <span class="method-start">9626 ms</span>
              </div> <!-- configuration-method after -->
              <div class="test-method">
                <img src="failed.png">
                </img>
                <span class="method-name">listAllfromResourcesTest(1, users)</span>
                <span class="method-start">9628 ms</span>
              </div> <!-- test-method -->
              <div class="configuration-method after">
                <span class="method-name">cleanup([TestResult name=listAllfromResourcesTest status=FAILURE method=Testclass.listAllfromResourcesTest(i...)</span>
                <span class="method-start">10626 ms</span>
              </div> <!-- configuration-method after -->
              <div class="test-method">
                <img src="failed.png">
                </img>
                <span class="method-name">listAllfromResourcesTest(1, groups)</span>
                <span class="method-start">11472 ms</span>
              </div> <!-- test-method -->
              <div class="configuration-method after">
                <span class="method-name">cleanup([TestResult name=listAllfromResourcesTest status=FAILURE method=Testclass.listAllfromResourcesTest(i...)</span>
                <span class="method-start">12558 ms</span>
              </div> <!-- configuration-method after -->
              <div class="test-method">
                <span class="method-name">filterMethodTest(users, uid)</span>
                <span class="method-start">13629 ms</span>
              </div> <!-- test-method -->
              <div class="configuration-method after">
                <span class="method-name">cleanup([TestResult name=filterMethodTest status=SUCCESS method=Testclass.filterMethodTest(java.lang.String,...)</span>
                <span class="method-start">14160 ms</span>
              </div> <!-- configuration-method after -->
              <div class="test-method">
                <span class="method-name">deleteObjectfromResourcesTest(users, Attribute: {Name=__UID__, Value=[U21DW4E01]})</span>
                <span class="method-start">14163 ms</span>
              </div> <!-- test-method -->
              <div class="configuration-method after">
                <span class="method-name">cleanup([TestResult name=deleteObjectfromResourcesTest status=SUCCESS method=Testclass.deleteObjectfromResou...)</span>
                <span class="method-start">15280 ms</span>
              </div> <!-- configuration-method after -->
              <div class="test-method">
                <span class="method-name">deleteObjectfromResourcesTest(groups, Attribute: {Name=__UID__, Value=[S21DW4K09]})</span>
                <span class="method-start">15281 ms</span>
              </div> <!-- test-method -->
              <div class="configuration-method after">
                <span class="method-name">cleanup([TestResult name=deleteObjectfromResourcesTest status=SUCCESS method=Testclass.deleteObjectfromResou...)</span>
                <span class="method-start">16829 ms</span>
              </div> <!-- configuration-method after -->
          </div> <!-- main-panel-content rounded-window-bottom -->
        </div> <!-- panel -->
      </div> <!-- main-panel-root -->
    </div> <!-- wrapper -->
  </body>
</html>
